CRITICAL - 2025-03-23 04:23:59 --> Error: Class "Locale" not found
[Method: GET, Route: index]
in SYSTEMPATH/CodeIgniter.php on line 189.
 1 SYSTEMPATH/Boot.php(321): CodeIgniter\CodeIgniter->initialize()
 2 SYSTEMPATH/Boot.php(66): CodeIgniter\Boot::initializeCodeIgniter()
 3 FCPATH/index.php(56): CodeIgniter\Boot::bootWeb(Object(Config\Paths))
CRITICAL - 2025-03-23 04:23:59 --> ErrorException: Uncaught Error: Class "Locale" not found in /Applications/XAMPP/xamppfiles/htdocs/simint-web/system/Helpers/number_helper.php:142
Stack trace:
#0 /Applications/XAMPP/xamppfiles/htdocs/simint-web/system/Helpers/number_helper.php(60): format_number(6.0, 2, NULL, Array)
#1 /Applications/XAMPP/xamppfiles/htdocs/simint-web/system/Debug/BaseExceptionHandler.php(154): number_to_size(6.0, 2)
#2 /Applications/XAMPP/xamppfiles/htdocs/simint-web/app/Views/errors/html/error_exception.php(408): CodeIgniter\Debug\BaseExceptionHandler::describeMemory(6291456)
#3 /Applications/XAMPP/xamppfiles/htdocs/simint-web/system/Debug/BaseExceptionHandler.php(266): include('/Applications/X...')
#4 /Applications/XAMPP/xamppfiles/htdocs/simint-web/system/Debug/BaseExceptionHandler.php(269): CodeIgniter\Debug\BaseExceptionHandler->CodeIgniter\Debug\{closure}()
#5 /Applications/XAMPP/xamppfiles/htdocs/simint-web/system/Debug/ExceptionHandler.php(116): CodeIgniter\Debug\BaseExceptionHandler->render(Object(Error), 500, '/Applications/X...')
#6 /Applications/XAMPP/xamppfiles/htdocs/simint-web/system/Debug/Exceptions.php(162): CodeIgniter\Debug\ExceptionHandler->handle(Object(Error), Object(CodeIgniter\HTTP\IncomingRequest), Object(CodeIgniter\HTTP\Response), 500, 1)
#7 [internal function]: CodeIgniter\Debug\Exceptions->exceptionHandler(Object(Error))
#8 {main}
  thrown
【Previous Exception】
Error
Class "Locale" not found
#0 /Applications/XAMPP/xamppfiles/htdocs/simint-web/system/Boot.php(321): CodeIgniter\CodeIgniter->initialize()
#1 /Applications/XAMPP/xamppfiles/htdocs/simint-web/system/Boot.php(66): CodeIgniter\Boot::initializeCodeIgniter()
#2 /Applications/XAMPP/xamppfiles/htdocs/simint-web/public/index.php(56): CodeIgniter\Boot::bootWeb(Object(Config\Paths))
#3 {main}
[Method: GET, Route: index]
in SYSTEMPATH/Helpers/number_helper.php on line 142.
 1 [internal function]: CodeIgniter\Debug\Exceptions->shutdownHandler()
CRITICAL - 2025-03-23 04:26:12 --> Error: Class "Locale" not found
[Method: GET, Route: index]
in SYSTEMPATH/CodeIgniter.php on line 189.
 1 SYSTEMPATH/Boot.php(321): CodeIgniter\CodeIgniter->initialize()
 2 SYSTEMPATH/Boot.php(66): CodeIgniter\Boot::initializeCodeIgniter()
 3 FCPATH/index.php(56): CodeIgniter\Boot::bootWeb(Object(Config\Paths))
CRITICAL - 2025-03-23 04:26:12 --> ErrorException: Uncaught Error: Class "Locale" not found in /Applications/XAMPP/xamppfiles/htdocs/simint-web/system/Helpers/number_helper.php:142
Stack trace:
#0 /Applications/XAMPP/xamppfiles/htdocs/simint-web/system/Helpers/number_helper.php(60): format_number(6.0, 2, NULL, Array)
#1 /Applications/XAMPP/xamppfiles/htdocs/simint-web/system/Debug/BaseExceptionHandler.php(154): number_to_size(6.0, 2)
#2 /Applications/XAMPP/xamppfiles/htdocs/simint-web/app/Views/errors/html/error_exception.php(408): CodeIgniter\Debug\BaseExceptionHandler::describeMemory(6291456)
#3 /Applications/XAMPP/xamppfiles/htdocs/simint-web/system/Debug/BaseExceptionHandler.php(266): include('/Applications/X...')
#4 /Applications/XAMPP/xamppfiles/htdocs/simint-web/system/Debug/BaseExceptionHandler.php(269): CodeIgniter\Debug\BaseExceptionHandler->CodeIgniter\Debug\{closure}()
#5 /Applications/XAMPP/xamppfiles/htdocs/simint-web/system/Debug/ExceptionHandler.php(116): CodeIgniter\Debug\BaseExceptionHandler->render(Object(Error), 500, '/Applications/X...')
#6 /Applications/XAMPP/xamppfiles/htdocs/simint-web/system/Debug/Exceptions.php(162): CodeIgniter\Debug\ExceptionHandler->handle(Object(Error), Object(CodeIgniter\HTTP\IncomingRequest), Object(CodeIgniter\HTTP\Response), 500, 1)
#7 [internal function]: CodeIgniter\Debug\Exceptions->exceptionHandler(Object(Error))
#8 {main}
  thrown
【Previous Exception】
Error
Class "Locale" not found
#0 /Applications/XAMPP/xamppfiles/htdocs/simint-web/system/Boot.php(321): CodeIgniter\CodeIgniter->initialize()
#1 /Applications/XAMPP/xamppfiles/htdocs/simint-web/system/Boot.php(66): CodeIgniter\Boot::initializeCodeIgniter()
#2 /Applications/XAMPP/xamppfiles/htdocs/simint-web/public/index.php(56): CodeIgniter\Boot::bootWeb(Object(Config\Paths))
#3 {main}
[Method: GET, Route: index]
in SYSTEMPATH/Helpers/number_helper.php on line 142.
 1 [internal function]: CodeIgniter\Debug\Exceptions->shutdownHandler()
CRITICAL - 2025-03-23 04:29:50 --> Error: Class "Locale" not found
[Method: GET, Route: index]
in SYSTEMPATH/CodeIgniter.php on line 189.
 1 SYSTEMPATH/Boot.php(321): CodeIgniter\CodeIgniter->initialize()
 2 SYSTEMPATH/Boot.php(66): CodeIgniter\Boot::initializeCodeIgniter()
 3 FCPATH/index.php(56): CodeIgniter\Boot::bootWeb(Object(Config\Paths))
CRITICAL - 2025-03-23 04:29:50 --> ErrorException: Uncaught Error: Class "Locale" not found in /Applications/XAMPP/xamppfiles/htdocs/simint-web/system/Helpers/number_helper.php:142
Stack trace:
#0 /Applications/XAMPP/xamppfiles/htdocs/simint-web/system/Helpers/number_helper.php(60): format_number(6.0, 2, NULL, Array)
#1 /Applications/XAMPP/xamppfiles/htdocs/simint-web/system/Debug/BaseExceptionHandler.php(154): number_to_size(6.0, 2)
#2 /Applications/XAMPP/xamppfiles/htdocs/simint-web/app/Views/errors/html/error_exception.php(408): CodeIgniter\Debug\BaseExceptionHandler::describeMemory(6291456)
#3 /Applications/XAMPP/xamppfiles/htdocs/simint-web/system/Debug/BaseExceptionHandler.php(266): include('/Applications/X...')
#4 /Applications/XAMPP/xamppfiles/htdocs/simint-web/system/Debug/BaseExceptionHandler.php(269): CodeIgniter\Debug\BaseExceptionHandler->CodeIgniter\Debug\{closure}()
#5 /Applications/XAMPP/xamppfiles/htdocs/simint-web/system/Debug/ExceptionHandler.php(116): CodeIgniter\Debug\BaseExceptionHandler->render(Object(Error), 500, '/Applications/X...')
#6 /Applications/XAMPP/xamppfiles/htdocs/simint-web/system/Debug/Exceptions.php(162): CodeIgniter\Debug\ExceptionHandler->handle(Object(Error), Object(CodeIgniter\HTTP\IncomingRequest), Object(CodeIgniter\HTTP\Response), 500, 1)
#7 [internal function]: CodeIgniter\Debug\Exceptions->exceptionHandler(Object(Error))
#8 {main}
  thrown
【Previous Exception】
Error
Class "Locale" not found
#0 /Applications/XAMPP/xamppfiles/htdocs/simint-web/system/Boot.php(321): CodeIgniter\CodeIgniter->initialize()
#1 /Applications/XAMPP/xamppfiles/htdocs/simint-web/system/Boot.php(66): CodeIgniter\Boot::initializeCodeIgniter()
#2 /Applications/XAMPP/xamppfiles/htdocs/simint-web/public/index.php(56): CodeIgniter\Boot::bootWeb(Object(Config\Paths))
#3 {main}
[Method: GET, Route: index]
in SYSTEMPATH/Helpers/number_helper.php on line 142.
 1 [internal function]: CodeIgniter\Debug\Exceptions->shutdownHandler()
CRITICAL - 2025-03-23 04:45:54 --> Error: Class "Locale" not found
[Method: GET, Route: index]
in SYSTEMPATH/CodeIgniter.php on line 189.
 1 SYSTEMPATH/Boot.php(321): CodeIgniter\CodeIgniter->initialize()
 2 SYSTEMPATH/Boot.php(66): CodeIgniter\Boot::initializeCodeIgniter()
 3 FCPATH/index.php(56): CodeIgniter\Boot::bootWeb(Object(Config\Paths))
CRITICAL - 2025-03-23 04:45:54 --> ErrorException: Uncaught Error: Class "Locale" not found in /Applications/XAMPP/xamppfiles/htdocs/simint-web/system/Helpers/number_helper.php:142
Stack trace:
#0 /Applications/XAMPP/xamppfiles/htdocs/simint-web/system/Helpers/number_helper.php(60): format_number(6.0, 2, NULL, Array)
#1 /Applications/XAMPP/xamppfiles/htdocs/simint-web/system/Debug/BaseExceptionHandler.php(154): number_to_size(6.0, 2)
#2 /Applications/XAMPP/xamppfiles/htdocs/simint-web/app/Views/errors/html/error_exception.php(408): CodeIgniter\Debug\BaseExceptionHandler::describeMemory(6291456)
#3 /Applications/XAMPP/xamppfiles/htdocs/simint-web/system/Debug/BaseExceptionHandler.php(266): include('/Applications/X...')
#4 /Applications/XAMPP/xamppfiles/htdocs/simint-web/system/Debug/BaseExceptionHandler.php(269): CodeIgniter\Debug\BaseExceptionHandler->CodeIgniter\Debug\{closure}()
#5 /Applications/XAMPP/xamppfiles/htdocs/simint-web/system/Debug/ExceptionHandler.php(116): CodeIgniter\Debug\BaseExceptionHandler->render(Object(Error), 500, '/Applications/X...')
#6 /Applications/XAMPP/xamppfiles/htdocs/simint-web/system/Debug/Exceptions.php(162): CodeIgniter\Debug\ExceptionHandler->handle(Object(Error), Object(CodeIgniter\HTTP\IncomingRequest), Object(CodeIgniter\HTTP\Response), 500, 1)
#7 [internal function]: CodeIgniter\Debug\Exceptions->exceptionHandler(Object(Error))
#8 {main}
  thrown
【Previous Exception】
Error
Class "Locale" not found
#0 /Applications/XAMPP/xamppfiles/htdocs/simint-web/system/Boot.php(321): CodeIgniter\CodeIgniter->initialize()
#1 /Applications/XAMPP/xamppfiles/htdocs/simint-web/system/Boot.php(66): CodeIgniter\Boot::initializeCodeIgniter()
#2 /Applications/XAMPP/xamppfiles/htdocs/simint-web/public/index.php(56): CodeIgniter\Boot::bootWeb(Object(Config\Paths))
#3 {main}
[Method: GET, Route: index]
in SYSTEMPATH/Helpers/number_helper.php on line 142.
 1 [internal function]: CodeIgniter\Debug\Exceptions->shutdownHandler()
CRITICAL - 2025-03-23 05:02:01 --> Error: Class "Locale" not found
[Method: GET, Route: /]
in SYSTEMPATH/CodeIgniter.php on line 189.
 1 SYSTEMPATH/Boot.php(321): CodeIgniter\CodeIgniter->initialize()
 2 SYSTEMPATH/Boot.php(66): CodeIgniter\Boot::initializeCodeIgniter()
 3 FCPATH/index.php(56): CodeIgniter\Boot::bootWeb(Object(Config\Paths))
CRITICAL - 2025-03-23 05:02:01 --> ErrorException: Uncaught Error: Class "Locale" not found in /Applications/XAMPP/xamppfiles/htdocs/simint-web/system/Helpers/number_helper.php:142
Stack trace:
#0 /Applications/XAMPP/xamppfiles/htdocs/simint-web/system/Helpers/number_helper.php(60): format_number(6.0, 2, NULL, Array)
#1 /Applications/XAMPP/xamppfiles/htdocs/simint-web/system/Debug/BaseExceptionHandler.php(154): number_to_size(6.0, 2)
#2 /Applications/XAMPP/xamppfiles/htdocs/simint-web/app/Views/errors/html/error_exception.php(408): CodeIgniter\Debug\BaseExceptionHandler::describeMemory(6291456)
#3 /Applications/XAMPP/xamppfiles/htdocs/simint-web/system/Debug/BaseExceptionHandler.php(266): include('/Applications/X...')
#4 /Applications/XAMPP/xamppfiles/htdocs/simint-web/system/Debug/BaseExceptionHandler.php(269): CodeIgniter\Debug\BaseExceptionHandler->CodeIgniter\Debug\{closure}()
#5 /Applications/XAMPP/xamppfiles/htdocs/simint-web/system/Debug/ExceptionHandler.php(116): CodeIgniter\Debug\BaseExceptionHandler->render(Object(Error), 500, '/Applications/X...')
#6 /Applications/XAMPP/xamppfiles/htdocs/simint-web/system/Debug/Exceptions.php(162): CodeIgniter\Debug\ExceptionHandler->handle(Object(Error), Object(CodeIgniter\HTTP\IncomingRequest), Object(CodeIgniter\HTTP\Response), 500, 1)
#7 [internal function]: CodeIgniter\Debug\Exceptions->exceptionHandler(Object(Error))
#8 {main}
  thrown
【Previous Exception】
Error
Class "Locale" not found
#0 /Applications/XAMPP/xamppfiles/htdocs/simint-web/system/Boot.php(321): CodeIgniter\CodeIgniter->initialize()
#1 /Applications/XAMPP/xamppfiles/htdocs/simint-web/system/Boot.php(66): CodeIgniter\Boot::initializeCodeIgniter()
#2 /Applications/XAMPP/xamppfiles/htdocs/simint-web/public/index.php(56): CodeIgniter\Boot::bootWeb(Object(Config\Paths))
#3 {main}
[Method: GET, Route: /]
in SYSTEMPATH/Helpers/number_helper.php on line 142.
 1 [internal function]: CodeIgniter\Debug\Exceptions->shutdownHandler()
CRITICAL - 2025-03-23 05:02:06 --> Error: Class "Locale" not found
[Method: GET, Route: /]
in SYSTEMPATH/CodeIgniter.php on line 189.
 1 SYSTEMPATH/Boot.php(321): CodeIgniter\CodeIgniter->initialize()
 2 SYSTEMPATH/Boot.php(66): CodeIgniter\Boot::initializeCodeIgniter()
 3 FCPATH/index.php(56): CodeIgniter\Boot::bootWeb(Object(Config\Paths))
CRITICAL - 2025-03-23 05:02:06 --> ErrorException: Uncaught Error: Class "Locale" not found in /Applications/XAMPP/xamppfiles/htdocs/simint-web/system/Helpers/number_helper.php:142
Stack trace:
#0 /Applications/XAMPP/xamppfiles/htdocs/simint-web/system/Helpers/number_helper.php(60): format_number(6.0, 2, NULL, Array)
#1 /Applications/XAMPP/xamppfiles/htdocs/simint-web/system/Debug/BaseExceptionHandler.php(154): number_to_size(6.0, 2)
#2 /Applications/XAMPP/xamppfiles/htdocs/simint-web/app/Views/errors/html/error_exception.php(408): CodeIgniter\Debug\BaseExceptionHandler::describeMemory(6291456)
#3 /Applications/XAMPP/xamppfiles/htdocs/simint-web/system/Debug/BaseExceptionHandler.php(266): include('/Applications/X...')
#4 /Applications/XAMPP/xamppfiles/htdocs/simint-web/system/Debug/BaseExceptionHandler.php(269): CodeIgniter\Debug\BaseExceptionHandler->CodeIgniter\Debug\{closure}()
#5 /Applications/XAMPP/xamppfiles/htdocs/simint-web/system/Debug/ExceptionHandler.php(116): CodeIgniter\Debug\BaseExceptionHandler->render(Object(Error), 500, '/Applications/X...')
#6 /Applications/XAMPP/xamppfiles/htdocs/simint-web/system/Debug/Exceptions.php(162): CodeIgniter\Debug\ExceptionHandler->handle(Object(Error), Object(CodeIgniter\HTTP\IncomingRequest), Object(CodeIgniter\HTTP\Response), 500, 1)
#7 [internal function]: CodeIgniter\Debug\Exceptions->exceptionHandler(Object(Error))
#8 {main}
  thrown
【Previous Exception】
Error
Class "Locale" not found
#0 /Applications/XAMPP/xamppfiles/htdocs/simint-web/system/Boot.php(321): CodeIgniter\CodeIgniter->initialize()
#1 /Applications/XAMPP/xamppfiles/htdocs/simint-web/system/Boot.php(66): CodeIgniter\Boot::initializeCodeIgniter()
#2 /Applications/XAMPP/xamppfiles/htdocs/simint-web/public/index.php(56): CodeIgniter\Boot::bootWeb(Object(Config\Paths))
#3 {main}
[Method: GET, Route: /]
in SYSTEMPATH/Helpers/number_helper.php on line 142.
 1 [internal function]: CodeIgniter\Debug\Exceptions->shutdownHandler()
CRITICAL - 2025-03-23 05:06:38 --> Error: Class "Locale" not found
[Method: GET, Route: /]
in SYSTEMPATH/CodeIgniter.php on line 189.
 1 SYSTEMPATH/Boot.php(321): CodeIgniter\CodeIgniter->initialize()
 2 SYSTEMPATH/Boot.php(66): CodeIgniter\Boot::initializeCodeIgniter()
 3 FCPATH/index.php(56): CodeIgniter\Boot::bootWeb(Object(Config\Paths))
CRITICAL - 2025-03-23 05:06:38 --> ErrorException: Uncaught Error: Class "Locale" not found in /Applications/XAMPP/xamppfiles/htdocs/simint-web/system/Helpers/number_helper.php:142
Stack trace:
#0 /Applications/XAMPP/xamppfiles/htdocs/simint-web/system/Helpers/number_helper.php(60): format_number(6.0, 2, NULL, Array)
#1 /Applications/XAMPP/xamppfiles/htdocs/simint-web/system/Debug/BaseExceptionHandler.php(154): number_to_size(6.0, 2)
#2 /Applications/XAMPP/xamppfiles/htdocs/simint-web/app/Views/errors/html/error_exception.php(408): CodeIgniter\Debug\BaseExceptionHandler::describeMemory(6291456)
#3 /Applications/XAMPP/xamppfiles/htdocs/simint-web/system/Debug/BaseExceptionHandler.php(266): include('/Applications/X...')
#4 /Applications/XAMPP/xamppfiles/htdocs/simint-web/system/Debug/BaseExceptionHandler.php(269): CodeIgniter\Debug\BaseExceptionHandler->CodeIgniter\Debug\{closure}()
#5 /Applications/XAMPP/xamppfiles/htdocs/simint-web/system/Debug/ExceptionHandler.php(116): CodeIgniter\Debug\BaseExceptionHandler->render(Object(Error), 500, '/Applications/X...')
#6 /Applications/XAMPP/xamppfiles/htdocs/simint-web/system/Debug/Exceptions.php(162): CodeIgniter\Debug\ExceptionHandler->handle(Object(Error), Object(CodeIgniter\HTTP\IncomingRequest), Object(CodeIgniter\HTTP\Response), 500, 1)
#7 [internal function]: CodeIgniter\Debug\Exceptions->exceptionHandler(Object(Error))
#8 {main}
  thrown
【Previous Exception】
Error
Class "Locale" not found
#0 /Applications/XAMPP/xamppfiles/htdocs/simint-web/system/Boot.php(321): CodeIgniter\CodeIgniter->initialize()
#1 /Applications/XAMPP/xamppfiles/htdocs/simint-web/system/Boot.php(66): CodeIgniter\Boot::initializeCodeIgniter()
#2 /Applications/XAMPP/xamppfiles/htdocs/simint-web/public/index.php(56): CodeIgniter\Boot::bootWeb(Object(Config\Paths))
#3 {main}
[Method: GET, Route: /]
in SYSTEMPATH/Helpers/number_helper.php on line 142.
 1 [internal function]: CodeIgniter\Debug\Exceptions->shutdownHandler()
CRITICAL - 2025-03-23 05:06:59 --> Error: Class "Locale" not found
[Method: GET, Route: /]
in SYSTEMPATH/CodeIgniter.php on line 189.
 1 SYSTEMPATH/Boot.php(321): CodeIgniter\CodeIgniter->initialize()
 2 SYSTEMPATH/Boot.php(66): CodeIgniter\Boot::initializeCodeIgniter()
 3 FCPATH/index.php(56): CodeIgniter\Boot::bootWeb(Object(Config\Paths))
CRITICAL - 2025-03-23 05:06:59 --> ErrorException: Uncaught Error: Class "Locale" not found in /Applications/XAMPP/xamppfiles/htdocs/simint-web/system/Helpers/number_helper.php:142
Stack trace:
#0 /Applications/XAMPP/xamppfiles/htdocs/simint-web/system/Helpers/number_helper.php(60): format_number(6.0, 2, NULL, Array)
#1 /Applications/XAMPP/xamppfiles/htdocs/simint-web/system/Debug/BaseExceptionHandler.php(154): number_to_size(6.0, 2)
#2 /Applications/XAMPP/xamppfiles/htdocs/simint-web/app/Views/errors/html/error_exception.php(408): CodeIgniter\Debug\BaseExceptionHandler::describeMemory(6291456)
#3 /Applications/XAMPP/xamppfiles/htdocs/simint-web/system/Debug/BaseExceptionHandler.php(266): include('/Applications/X...')
#4 /Applications/XAMPP/xamppfiles/htdocs/simint-web/system/Debug/BaseExceptionHandler.php(269): CodeIgniter\Debug\BaseExceptionHandler->CodeIgniter\Debug\{closure}()
#5 /Applications/XAMPP/xamppfiles/htdocs/simint-web/system/Debug/ExceptionHandler.php(116): CodeIgniter\Debug\BaseExceptionHandler->render(Object(Error), 500, '/Applications/X...')
#6 /Applications/XAMPP/xamppfiles/htdocs/simint-web/system/Debug/Exceptions.php(162): CodeIgniter\Debug\ExceptionHandler->handle(Object(Error), Object(CodeIgniter\HTTP\IncomingRequest), Object(CodeIgniter\HTTP\Response), 500, 1)
#7 [internal function]: CodeIgniter\Debug\Exceptions->exceptionHandler(Object(Error))
#8 {main}
  thrown
【Previous Exception】
Error
Class "Locale" not found
#0 /Applications/XAMPP/xamppfiles/htdocs/simint-web/system/Boot.php(321): CodeIgniter\CodeIgniter->initialize()
#1 /Applications/XAMPP/xamppfiles/htdocs/simint-web/system/Boot.php(66): CodeIgniter\Boot::initializeCodeIgniter()
#2 /Applications/XAMPP/xamppfiles/htdocs/simint-web/public/index.php(56): CodeIgniter\Boot::bootWeb(Object(Config\Paths))
#3 {main}
[Method: GET, Route: /]
in SYSTEMPATH/Helpers/number_helper.php on line 142.
 1 [internal function]: CodeIgniter\Debug\Exceptions->shutdownHandler()
CRITICAL - 2025-03-23 05:07:01 --> Error: Class "Locale" not found
[Method: GET, Route: /]
in SYSTEMPATH/CodeIgniter.php on line 189.
 1 SYSTEMPATH/Boot.php(321): CodeIgniter\CodeIgniter->initialize()
 2 SYSTEMPATH/Boot.php(66): CodeIgniter\Boot::initializeCodeIgniter()
 3 FCPATH/index.php(56): CodeIgniter\Boot::bootWeb(Object(Config\Paths))
CRITICAL - 2025-03-23 05:07:01 --> ErrorException: Uncaught Error: Class "Locale" not found in /Applications/XAMPP/xamppfiles/htdocs/simint-web/system/Helpers/number_helper.php:142
Stack trace:
#0 /Applications/XAMPP/xamppfiles/htdocs/simint-web/system/Helpers/number_helper.php(60): format_number(6.0, 2, NULL, Array)
#1 /Applications/XAMPP/xamppfiles/htdocs/simint-web/system/Debug/BaseExceptionHandler.php(154): number_to_size(6.0, 2)
#2 /Applications/XAMPP/xamppfiles/htdocs/simint-web/app/Views/errors/html/error_exception.php(408): CodeIgniter\Debug\BaseExceptionHandler::describeMemory(6291456)
#3 /Applications/XAMPP/xamppfiles/htdocs/simint-web/system/Debug/BaseExceptionHandler.php(266): include('/Applications/X...')
#4 /Applications/XAMPP/xamppfiles/htdocs/simint-web/system/Debug/BaseExceptionHandler.php(269): CodeIgniter\Debug\BaseExceptionHandler->CodeIgniter\Debug\{closure}()
#5 /Applications/XAMPP/xamppfiles/htdocs/simint-web/system/Debug/ExceptionHandler.php(116): CodeIgniter\Debug\BaseExceptionHandler->render(Object(Error), 500, '/Applications/X...')
#6 /Applications/XAMPP/xamppfiles/htdocs/simint-web/system/Debug/Exceptions.php(162): CodeIgniter\Debug\ExceptionHandler->handle(Object(Error), Object(CodeIgniter\HTTP\IncomingRequest), Object(CodeIgniter\HTTP\Response), 500, 1)
#7 [internal function]: CodeIgniter\Debug\Exceptions->exceptionHandler(Object(Error))
#8 {main}
  thrown
【Previous Exception】
Error
Class "Locale" not found
#0 /Applications/XAMPP/xamppfiles/htdocs/simint-web/system/Boot.php(321): CodeIgniter\CodeIgniter->initialize()
#1 /Applications/XAMPP/xamppfiles/htdocs/simint-web/system/Boot.php(66): CodeIgniter\Boot::initializeCodeIgniter()
#2 /Applications/XAMPP/xamppfiles/htdocs/simint-web/public/index.php(56): CodeIgniter\Boot::bootWeb(Object(Config\Paths))
#3 {main}
[Method: GET, Route: /]
in SYSTEMPATH/Helpers/number_helper.php on line 142.
 1 [internal function]: CodeIgniter\Debug\Exceptions->shutdownHandler()
